<?xml version="1.0" encoding="UTF-8"?>
<testng-results skipped="0" failed="0" ignored="0" total="1" passed="1">
  <reporter-output>
  </reporter-output>
  <suite name="Default suite" duration-ms="23064" started-at="2019-12-14T17:30:11 IST" finished-at="2019-12-14T17:30:34 IST">
    <groups>
    </groups>
    <test name="Default test" duration-ms="23064" started-at="2019-12-14T17:30:11 IST" finished-at="2019-12-14T17:30:34 IST">
      <class name="org.amazon.TestCases.TC001_BuyProduct">
        <test-method status="PASS" signature="login()[pri:0, instance:org.amazon.TestCases.TC001_BuyProduct@5d76b067]" name="login" is-config="true" duration-ms="12668" started-at="2019-12-14T17:30:11 IST" finished-at="2019-12-14T17:30:23 IST">
          <reporter-output>
          </reporter-output>
        </test-method> <!-- login -->
        <test-method status="PASS" signature="buyProduct()[pri:0, instance:org.amazon.TestCases.TC001_BuyProduct@5d76b067]" name="buyProduct" duration-ms="10321" started-at="2019-12-14T17:30:23 IST" finished-at="2019-12-14T17:30:34 IST">
          <reporter-output>
          </reporter-output>
        </test-method> <!-- buyProduct -->
      </class> <!-- org.amazon.TestCases.TC001_BuyProduct -->
    </test> <!-- Default test -->
  </suite> <!-- Default suite -->
</testng-results>
